<?xml version="1.0" encoding="UTF-8"?>
<testsuite xmlns:xsi="http://www.w3.org/2001/XMLSchema-instance" xsi:noNamespaceSchemaLocation="https://maven.apache.org/surefire/maven-surefire-plugin/xsd/surefire-test-report.xsd" name="TestSuite" time="420.998" tests="12" errors="0" skipped="0" failures="1">
  <properties>
[...]
</properties>
  <testcase name="ValidateContactPageTest" classname="OP.testcases.ContactsPageTest" time="3.202"/>
  <testcase name="validateHomePageTitleTest" classname="OP.testcases.HomePageTest" time="0.012"/>
  <testcase name="titleTest" classname="OP.testcases.LoginPageTest" time="3.009"/>
  <testcase name="ContactsNamesTest" classname="OP.testcases.ContactsPageTest" time="0.246"/>
  <testcase name="validateAccountHolderNameTest" classname="OP.testcases.HomePageTest" time="5.128"/>
  <testcase name="logoTest" classname="OP.testcases.LoginPageTest" time="5.101"/>
  <testcase name="NewContactTest" classname="OP.testcases.ContactsPageTest" time="18.732"/>
  <testcase name="validateContacts" classname="OP.testcases.HomePageTest" time="15.276">
    <failure message="Unable to locate element: //a[contains(text(),&apos;Contacts&apos;)]&#10;For documentation on this error, please visit: https://www.seleniumhq.org/exceptions/no_such_element.html&#10;Build info: version: &apos;3.141.59&apos;, revision: &apos;e82be7d358&apos;, time: &apos;2018-11-14T08:17:03&apos;&#10;System info: host: &apos;LAPTOP&apos;, ip: &apos;192.168.0.151&apos;, os.name: &apos;Windows 11&apos;, os.arch: &apos;amd64&apos;, os.version: &apos;10.0&apos;, java.version: &apos;11.0.16&apos;&#10;Driver info: org.openqa.selenium.firefox.FirefoxDriver&#10;Capabilities {acceptInsecureCerts: true, browserName: firefox, browserVersion: 111.0.1, javascriptEnabled: true, moz:accessibilityChecks: false, moz:buildID: 20230321111920, moz:geckodriverVersion: 0.32.0, moz:headless: false, moz:platformVersion: 10.0, moz:processID: 16664, moz:profile: C:\Users\jkaur\AppData\Loca..., moz:shutdownTimeout: 60000, moz:useNonSpecCompliantPointerOrigin: false, moz:webdriverClick: true, moz:windowless: false, pageLoadStrategy: normal, platform: WINDOWS, platformName: WINDOWS, proxy: Proxy(), setWindowRect: true, strictFileInteractability: false, timeouts: {implicit: 0, pageLoad: 300000, script: 30000}, unhandledPromptBehavior: dismiss and notify}&#10;Session ID: cecb0a46-1cb9-4cd3-a9e1-1becf579ec36&#10;*** Element info: {Using=xpath, value=//a[contains(text(),&apos;Contacts&apos;)]}" type="org.openqa.selenium.NoSuchElementException">org.openqa.selenium.NoSuchElementException: 
Unable to locate element: //a[contains(text(),'Contacts')]
For documentation on this error, please visit: https://www.seleniumhq.org/exceptions/no_such_element.html
Build info: version: '3.141.59', revision: 'e82be7d358', time: '2018-11-14T08:17:03'
System info: host: 'LAPTOP', ip: '192.168.0.151', os.name: 'Windows 11', os.arch: 'amd64', os.version: '10.0', java.version: '11.0.16'
Driver info: org.openqa.selenium.firefox.FirefoxDriver
Capabilities {acceptInsecureCerts: true, browserName: firefox, browserVersion: 111.0.1, javascriptEnabled: true, moz:accessibilityChecks: false, moz:buildID: 20230321111920, moz:geckodriverVersion: 0.32.0, moz:headless: false, moz:platformVersion: 10.0, moz:processID: 16664, moz:profile: C:\Users\jkaur\AppData\Loca..., moz:shutdownTimeout: 60000, moz:useNonSpecCompliantPointerOrigin: false, moz:webdriverClick: true, moz:windowless: false, pageLoadStrategy: normal, platform: WINDOWS, platformName: WINDOWS, proxy: Proxy(), setWindowRect: true, strictFileInteractability: false, timeouts: {implicit: 0, pageLoad: 300000, script: 30000}, unhandledPromptBehavior: dismiss and notify}
Session ID: cecb0a46-1cb9-4cd3-a9e1-1becf579ec36
*** Element info: {Using=xpath, value=//a[contains(text(),'Contacts')]}
	at OP.testcases.HomePageTest.validateContacts(HomePageTest.java:62)
</failure>
    <system-out><![CDATA[Before navigating to: 'https://classic.freecrm.com/'
Navigated to:'https://classic.freecrm.com/'
Trying to find Element By : By.name: username
Found Element By : By.name: username
Trying to find Element By : By.name: password
Found Element By : By.name: password
Trying to find Element By : By.xpath: //div[@class='input-group-btn']/input
Found Element By : By.xpath: //div[@class='input-group-btn']/input
Trying to click on: [[FirefoxDriver: firefox on WINDOWS (cecb0a46-1cb9-4cd3-a9e1-1becf579ec36)] -> xpath: //div[@class='input-group-btn']/input]
Clicked on: [[FirefoxDriver: firefox on WINDOWS (cecb0a46-1cb9-4cd3-a9e1-1becf579ec36)] -> xpath: //div[@class='input-group-btn']/input]
Trying to find Element By : By.xpath: //a[contains(text(),'Contacts')]
Exception occured: org.openqa.selenium.NoSuchElementException: Unable to locate element: //a[contains(text(),'Contacts')]
For documentation on this error, please visit: https://www.seleniumhq.org/exceptions/no_such_element.html
Build info: version: '3.141.59', revision: 'e82be7d358', time: '2018-11-14T08:17:03'
System info: host: 'LAPTOP', ip: '192.168.0.151', os.name: 'Windows 11', os.arch: 'amd64', os.version: '10.0', java.version: '11.0.16'
Driver info: org.openqa.selenium.firefox.FirefoxDriver
Capabilities {acceptInsecureCerts: true, browserName: firefox, browserVersion: 111.0.1, javascriptEnabled: true, moz:accessibilityChecks: false, moz:buildID: 20230321111920, moz:geckodriverVersion: 0.32.0, moz:headless: false, moz:platformVersion: 10.0, moz:processID: 16664, moz:profile: C:\Users\jkaur\AppData\Loca..., moz:shutdownTimeout: 60000, moz:useNonSpecCompliantPointerOrigin: false, moz:webdriverClick: true, moz:windowless: false, pageLoadStrategy: normal, platform: WINDOWS, platformName: WINDOWS, proxy: Proxy(), setWindowRect: true, strictFileInteractability: false, timeouts: {implicit: 0, pageLoad: 300000, script: 30000}, unhandledPromptBehavior: dismiss and notify}
Session ID: cecb0a46-1cb9-4cd3-a9e1-1becf579ec36
*** Element info: {Using=xpath, value=//a[contains(text(),'Contacts')]}
]]></system-out>
    <system-err><![CDATA[1680499766078	Marionette	INFO	Stopped listening on port 51006
Dynamically enable window occlusion 1
WARNING: A blocker encountered an error while we were waiting.
          Blocker:  Waiting for ping task
          Phase: TelemetryController: Waiting for pending ping activity
          State: (none)
WARNING: Error: Phase "profile-before-change" is finished, it is too late to register completion condition "OS.File: flush I/O queued before profileBeforeChange"
WARNING: addBlocker@resource://gre/modules/AsyncShutdown.sys.mjs:727:15
addBlocker@resource://gre/modules/AsyncShutdown.sys.mjs:523:26
addBlocker@resource://gre/modules/AsyncShutdown.sys.mjs:458:15
setupShutdown@resource://gre/modules/osfile/osfile_async_front.jsm:1548:28
@resource://gre/modules/osfile/osfile_async_front.jsm:1568:16
@resource://gre/modules/osfile.jsm:12:30
@resource://gre/modules/TelemetryStorage.sys.mjs:10:28
_checkPendingPings@resource://gre/modules/TelemetrySend.sys.mjs:863:17
setup@resource://gre/modules/TelemetrySend.sys.mjs:803:18
setup@resource://gre/modules/TelemetrySend.sys.mjs:241:30
setupTelemetry/this._delayedInitTask<@resource://gre/modules/TelemetryControllerParent.sys.mjs:828:36
observe@resource://gre/modules/AsyncShutdown.sys.mjs:576:16

console.error: "TelemetryScheduler.shutdown - Already shut down"
WARNING: A blocker encountered an error while we were waiting.
          Blocker:  Waiting for ping task
          Phase: TelemetryController: Waiting for pending ping activity
          State: (none)
WARNING: Error: Phase "profile-before-change" is finished, it is too late to register completion condition "OS.File: flush I/O queued before profileBeforeChange"
WARNING: addBlocker@resource://gre/modules/AsyncShutdown.sys.mjs:727:15
addBlocker@resource://gre/modules/AsyncShutdown.sys.mjs:523:26
addBlocker@resource://gre/modules/AsyncShutdown.sys.mjs:458:15
setupShutdown@resource://gre/modules/osfile/osfile_async_front.jsm:1548:28
@resource://gre/modules/osfile/osfile_async_front.jsm:1568:16
@resource://gre/modules/osfile.jsm:12:30
@resource://gre/modules/TelemetryStorage.sys.mjs:10:28
_checkPendingPings@resource://gre/modules/TelemetrySend.sys.mjs:863:17
setup@resource://gre/modules/TelemetrySend.sys.mjs:803:18
setup@resourJavaScript error: resource://gcere/mo://dulesgre/modules/Tele/AsynmetrySend.sys.mjs:241:30
cSsetupThuelemetry/this._delayedtdown.sys.mjs, line 727: Error: Phase "profile-before-change" is finished, it is too late to register completion condition "OS.File: flush I/O queued before profileBeforeChange"
JaInitTask<@resource://gre/modules/TvaScript error: resource://gre/modules/AsyncShutdown.sys.mjs, line 72elemetryControllerPare7: Error: Phase n"profile-before-chant.sys.mjs:828ge" is :36
observe@resource://gre/modules/AsyncSfinishehutdown.sys.md, it is tjs:576:16

WARNING: A blocker encoo lateountered an error while we were waiting.
          Blocker:  Waiting for ping task
          Phase: TelemetryController: Waiting for pending ping activity
          State: (none)
WARNING: Error: Phase "profile-before-change" is finished, it is too late to register completion condition "OS.File: flush I/O queued before profileBeforeChange"
WARNING: addBlocker@resource://gre/modules/ toAsyncShutdown.sys.mjs:727:15
addBlocker@resource://gre/modules/AsyncShutdown.sys.mjs:523:26
addBlocker@resource://gre/modules/AsyncShutdown.sys.mjs:458:15
setupShutdown@resourc re:egister completion condition "OS.File: flush I/O queued before profileBeforeChan//gre/modules/osge"
Jfile/oavasfile_async_fronScript.jt error: resource://gsm:1548:28
@resourcree:/modules/AsyncShu//gre/modules/osftdown.sys.mjsile/osfi, line 7le_async_fro27: Errnt.jsm:1568:16
@resor: Pourcehase "prof:/ile-before/gre/modules/osfile.jsm:12:30
@resource://gre/modules/TelemetryStorage.sys.mjs:10:28
_checkPendingPi-change" is finisngs@resource://gre/modulhed, it is too late to register completion condites/Teleion "OS.File: flush I/O queued before profileBeforeChange"
JavaScript error: resource://gre/modmetrySend.sys.mjs:863:17
seules/Astup@reyncShutdown.sys.mjs, line 727: Error: Phase "profile-source://gre/modules/TelemetrySend.sys.mjs:803:18
setup@resource://gre/modules/TelemetrySend.sys.mjs:241:30
before-change"se is finished, it is too late to register completion condititon "OS.File: flush I/O queued before profileBeforeChange"
JavaScupTelemetry/ript errorthis._del: resource://gre/modules/AsyncShutdown.sys.mjs, line 727: Error: Phase "profile-before-change" is finished, it is too late to register compayleedtion conditioInn "OS.File: flush itI/O queued before profTileask<@resoBeurcefo://gre/reChange"
JavaScript error: resourmodules/ce:Tele//gre/modules/AsyncShutdown.sys.mjs, line 727: Error: Phasemetr "yContrprofileoll-before-chaernge" iParens finished, it is too late to register completion condition "OS.File: flush I/O queued before profileBeforeChange"
t.sys.mjs:828:36
observe@resource://gre/modules/AsyncShutdown.sys.mjs:576:16

WARNING: A blocker encountered an error while we were waiting.
          Blocker:  TelemetryController: shutting down
          Phase: profile-before-change-telemetry
          State: Error getting state: Error: Phase "profile-before-change" is finished, it is too late to register completion condition "OS.File: flush I/O queued before profileBeforeChange" at addBlocker@resource://gre/modules/AsyncShutdown.sys.mjs:727:15
addBlocker@resource://gre/modules/AsyncShutdown.sys.mjs:523:26
addBlocker@resource://gre/modules/AsyncShutdown.sys.mjs:458:15
setupShutdown@resource://gre/modules/osfile/osfile_async_front.jsm:1548:28
@resource://gre/modules/osfile/osfile_async_front.jsm:1568:16
@resource://gre/modules/osfile.jsm:12:30
@resource://gre/modules/TelemetryStorage.sys.mjs:10:28
_checkPendingPings@resource://gre/modules/TelemetrySend.sys.mjs:863:17
setup@resource://gre/modules/TelemetrySend.sys.mjs:803:18
setup@resource://gre/modules/TelemetrySend.sys.mjs:241:30
setupTelemetry/this._delayedInitTask<@resource://gre/modules/TelemetryControllerParent.sys.mjs:828:36
observe@resource://gre/modules/AsyncShutdown.sys.mjs:576:16

WARNING: Error: Phase "profile-before-change" is finished, it is too late to register completion condition "OS.File: flush I/O queued before profileBeforeChange"
WARNING: addBlocker@resource://gre/modules/AsyncShutdown.sys.mjs:727:15
addBlocker@resource://gre/modules/AsyncShutdown.sys.mjs:523:26
addBlocker@resource://gre/modules/AsyncShutdown.sys.mjs:458:15
setupShutdown@resource://gre/modules/osfile/osfile_async_front.jsm:1548:28
@resource://gre/modules/osfile/osfile_async_front.jsm:1568:16
@resource://gre/modules/osfile.jsm:12:30
@resource://gre/modules/TelemetryStorage.sys.mjs:10:28
_checkPendingPings@resource://gre/modules/TelemetrySend.sys.mjs:863:17
setup@resource://gre/modules/TelemetrySend.sys.mjs:803:18
setup@resource://gre/modules/TelemetrySend.sys.mjs:241:30
setupTelemetry/this._delayedInitTask<@resource://gre/modules/TelemetryControllerParent.sys.mjs:828:36
observe@resource://gre/modules/AsyncShutdown.sys.mjs:576:16

1680499772566	geckodriver	INFO	Listening on 127.0.0.1:22771
1680499772606	mozrunner::runner	INFO	Running command: "C:\\Program Files\\Mozilla Firefox\\firefox.exe" "--marionette" "-no-remote" "-profile" "C:\\Users\\jkaur\\AppData\\Local\\Temp\\rust_mozprofile5FTZ80"
console.warn: services.settings: Ignoring preference override of remote settings server
console.warn: services.settings: Allow by setting MOZ_REMOTE_SETTINGS_DEVTOOLS=1 in the environment
1680499773215	Marionette	INFO	Marionette enabled
Dynamically enable window occlusion 0
1680499773221	Marionette	INFO	Listening on port 51178
Read port: 51178
1680499773612	RemoteAgent	WARN	TLS certificate errors will be ignored for this session
console.warn: SearchSettings: "get: No settings file exists, new profile?" (new NotFoundError("Could not open the file at C:\\Users\\jkaur\\AppData\\Local\\Temp\\rust_mozprofile5FTZ80\\search.json.mozlz4", (void 0)))
Apr. 03, 2023 1:29:35 A.M. org.openqa.selenium.remote.ProtocolHandshake createSession
INFO: Detected dialect: W3C
console.warn: LoginRecipes: "Falling back to a synchronous message for: https://classic.freecrm.com."
console.warn: LoginRecipes: "Falling back to a synchronous message for: https://classic.freecrm.com."
]]></system-err>
  </testcase>
  <testcase name="loginValidTest" classname="OP.testcases.LoginPageTest" time="15.407"/>
  <testcase name="validateDeals" classname="OP.testcases.HomePageTest" time="14.391"/>
  <testcase name="validateTasks" classname="OP.testcases.HomePageTest" time="8.288"/>
  <testcase name="BrokenLinkTest" classname="OP.testcases.HomePageTest" time="91.564"/>
</testsuite>