<?xml version="1.0" encoding="UTF-8"?>
<testng-results ignored="0" total="12" passed="11" failed="1" skipped="0">
  <reporter-output>
  </reporter-output>
  <suite started-at="2023-04-03T05:26:26Z" name="Surefire suite" finished-at="2023-04-03T05:33:27Z" duration-ms="420368">
    <groups>
    </groups>
    <test started-at="2023-04-03T05:26:26Z" name="Surefire test" finished-at="2023-04-03T05:33:27Z" duration-ms="420368">
      <class name="OP.testcases.ContactsPageTest">
        <test-method is-config="true" signature="setup()[pri:0, instance:OP.testcases.ContactsPageTest@79924b]" started-at="2023-04-03T01:26:26Z" name="setup" finished-at="2023-04-03T01:26:57Z" duration-ms="31011" status="PASS">
          <reporter-output>
          </reporter-output>
        </test-method> <!-- setup -->
        <test-method signature="ValidateContactPageTest()[pri:1, instance:OP.testcases.ContactsPageTest@79924b]" started-at="2023-04-03T01:26:57Z" name="ValidateContactPageTest" finished-at="2023-04-03T01:27:00Z" duration-ms="3201" status="PASS">
          <reporter-output>
          </reporter-output>
        </test-method> <!-- ValidateContactPageTest -->
        <test-method is-config="true" signature="close()[pri:0, instance:OP.testcases.ContactsPageTest@79924b]" started-at="2023-04-03T01:27:00Z" name="close" finished-at="2023-04-03T01:27:02Z" duration-ms="1370" status="PASS">
          <reporter-output>
          </reporter-output>
        </test-method> <!-- close -->
        <test-method is-config="true" signature="setup()[pri:0, instance:OP.testcases.ContactsPageTest@79924b]" started-at="2023-04-03T01:27:34Z" name="setup" finished-at="2023-04-03T01:28:00Z" duration-ms="26319" status="PASS">
          <reporter-output>
          </reporter-output>
        </test-method> <!-- setup -->
        <test-method signature="ContactsNamesTest()[pri:2, instance:OP.testcases.ContactsPageTest@79924b]" started-at="2023-04-03T01:28:00Z" name="ContactsNamesTest" finished-at="2023-04-03T01:28:00Z" duration-ms="244" status="PASS">
          <reporter-output>
          </reporter-output>
        </test-method> <!-- ContactsNamesTest -->
        <test-method is-config="true" signature="close()[pri:0, instance:OP.testcases.ContactsPageTest@79924b]" started-at="2023-04-03T01:28:00Z" name="close" finished-at="2023-04-03T01:28:01Z" duration-ms="1295" status="PASS">
          <reporter-output>
          </reporter-output>
        </test-method> <!-- close -->
        <test-method is-config="true" signature="setup()[pri:0, instance:OP.testcases.ContactsPageTest@79924b]" started-at="2023-04-03T01:28:41Z" name="setup" finished-at="2023-04-03T01:29:07Z" duration-ms="26248" status="PASS">
          <reporter-output>
          </reporter-output>
        </test-method> <!-- setup -->
        <test-method signature="NewContactTest()[pri:3, instance:OP.testcases.ContactsPageTest@79924b]" started-at="2023-04-03T01:29:07Z" name="NewContactTest" finished-at="2023-04-03T01:29:26Z" duration-ms="18731" status="PASS">
          <reporter-output>
          </reporter-output>
        </test-method> <!-- NewContactTest -->
        <test-method is-config="true" signature="close()[pri:0, instance:OP.testcases.ContactsPageTest@79924b]" started-at="2023-04-03T01:29:26Z" name="close" finished-at="2023-04-03T01:29:27Z" duration-ms="1391" status="PASS">
          <reporter-output>
          </reporter-output>
        </test-method> <!-- close -->
      </class> <!-- OP.testcases.ContactsPageTest -->
      <class name="OP.testcases.LoginPageTest">
        <test-method is-config="true" signature="setup()[pri:0, instance:OP.testcases.LoginPageTest@4a94ee4]" started-at="2023-04-03T01:27:23Z" name="setup" finished-at="2023-04-03T01:27:29Z" duration-ms="6142" status="PASS">
          <reporter-output>
          </reporter-output>
        </test-method> <!-- setup -->
        <test-method signature="titleTest()[pri:1, instance:OP.testcases.LoginPageTest@4a94ee4]" started-at="2023-04-03T01:27:29Z" name="titleTest" finished-at="2023-04-03T01:27:32Z" duration-ms="3010" status="PASS">
          <reporter-output>
          </reporter-output>
        </test-method> <!-- titleTest -->
        <test-method is-config="true" signature="close()[pri:0, instance:OP.testcases.LoginPageTest@4a94ee4]" started-at="2023-04-03T01:27:32Z" name="close" finished-at="2023-04-03T01:27:34Z" duration-ms="1111" status="PASS">
          <reporter-output>
          </reporter-output>
        </test-method> <!-- close -->
        <test-method is-config="true" signature="setup()[pri:0, instance:OP.testcases.LoginPageTest@4a94ee4]" started-at="2023-04-03T01:28:28Z" name="setup" finished-at="2023-04-03T01:28:34Z" duration-ms="6365" status="PASS">
          <reporter-output>
          </reporter-output>
        </test-method> <!-- setup -->
        <test-method signature="logoTest()[pri:2, instance:OP.testcases.LoginPageTest@4a94ee4]" started-at="2023-04-03T01:28:34Z" name="logoTest" finished-at="2023-04-03T01:28:39Z" duration-ms="5101" status="PASS">
          <reporter-output>
          </reporter-output>
        </test-method> <!-- logoTest -->
        <test-method is-config="true" signature="close()[pri:0, instance:OP.testcases.LoginPageTest@4a94ee4]" started-at="2023-04-03T01:28:39Z" name="close" finished-at="2023-04-03T01:28:41Z" duration-ms="1118" status="PASS">
          <reporter-output>
          </reporter-output>
        </test-method> <!-- close -->
        <test-method is-config="true" signature="setup()[pri:0, instance:OP.testcases.LoginPageTest@4a94ee4]" started-at="2023-04-03T01:30:04Z" name="setup" finished-at="2023-04-03T01:30:10Z" duration-ms="6006" status="PASS">
          <reporter-output>
          </reporter-output>
        </test-method> <!-- setup -->
        <test-method signature="loginValidTest()[pri:3, instance:OP.testcases.LoginPageTest@4a94ee4]" started-at="2023-04-03T01:30:10Z" name="loginValidTest" finished-at="2023-04-03T01:30:25Z" duration-ms="15407" status="PASS">
          <reporter-output>
          </reporter-output>
        </test-method> <!-- loginValidTest -->
        <test-method is-config="true" signature="close()[pri:0, instance:OP.testcases.LoginPageTest@4a94ee4]" started-at="2023-04-03T01:30:25Z" name="close" finished-at="2023-04-03T01:30:26Z" duration-ms="1148" status="PASS">
          <reporter-output>
          </reporter-output>
        </test-method> <!-- close -->
      </class> <!-- OP.testcases.LoginPageTest -->
      <class name="OP.testcases.HomePageTest">
        <test-method is-config="true" signature="setup()[pri:0, instance:OP.testcases.HomePageTest@7b9a4292]" started-at="2023-04-03T01:27:02Z" name="setup" finished-at="2023-04-03T01:27:22Z" duration-ms="20189" status="PASS">
          <reporter-output>
          </reporter-output>
        </test-method> <!-- setup -->
        <test-method signature="validateHomePageTitleTest()[pri:1, instance:OP.testcases.HomePageTest@7b9a4292]" started-at="2023-04-03T01:27:22Z" name="validateHomePageTitleTest" finished-at="2023-04-03T01:27:22Z" duration-ms="13" status="PASS">
          <reporter-output>
          </reporter-output>
        </test-method> <!-- validateHomePageTitleTest -->
        <test-method is-config="true" signature="close()[pri:0, instance:OP.testcases.HomePageTest@7b9a4292]" started-at="2023-04-03T01:27:22Z" name="close" finished-at="2023-04-03T01:27:23Z" duration-ms="1309" status="PASS">
          <reporter-output>
          </reporter-output>
        </test-method> <!-- close -->
        <test-method is-config="true" signature="setup()[pri:0, instance:OP.testcases.HomePageTest@7b9a4292]" started-at="2023-04-03T01:28:01Z" name="setup" finished-at="2023-04-03T01:28:22Z" duration-ms="20250" status="PASS">
          <reporter-output>
          </reporter-output>
        </test-method> <!-- setup -->
        <test-method signature="validateAccountHolderNameTest()[pri:2, instance:OP.testcases.HomePageTest@7b9a4292]" started-at="2023-04-03T01:28:22Z" name="validateAccountHolderNameTest" finished-at="2023-04-03T01:28:27Z" duration-ms="5126" status="PASS">
          <reporter-output>
          </reporter-output>
        </test-method> <!-- validateAccountHolderNameTest -->
        <test-method is-config="true" signature="close()[pri:0, instance:OP.testcases.HomePageTest@7b9a4292]" started-at="2023-04-03T01:28:27Z" name="close" finished-at="2023-04-03T01:28:28Z" duration-ms="1202" status="PASS">
          <reporter-output>
          </reporter-output>
        </test-method> <!-- close -->
        <test-method is-config="true" signature="setup()[pri:0, instance:OP.testcases.HomePageTest@7b9a4292]" started-at="2023-04-03T01:29:27Z" name="setup" finished-at="2023-04-03T01:29:47Z" duration-ms="20288" status="PASS">
          <reporter-output>
          </reporter-output>
        </test-method> <!-- setup -->
        <test-method signature="validateContacts()[pri:3, instance:OP.testcases.HomePageTest@7b9a4292]" started-at="2023-04-03T01:29:47Z" name="validateContacts" finished-at="2023-04-03T01:30:03Z" duration-ms="15260" status="FAIL">
          <exception class="org.openqa.selenium.NoSuchElementException">
            <message>
              <![CDATA[Unable to locate element: //a[contains(text(),'Contacts')]
For documentation on this error, please visit: https://www.seleniumhq.org/exceptions/no_such_element.html
Build info: version: '3.141.59', revision: 'e82be7d358', time: '2018-11-14T08:17:03'
System info: host: 'LAPTOP', ip: '192.168.0.151', os.name: 'Windows 11', os.arch: 'amd64', os.version: '10.0', java.version: '11.0.16'
Driver info: org.openqa.selenium.firefox.FirefoxDriver
Capabilities {acceptInsecureCerts: true, browserName: firefox, browserVersion: 111.0.1, javascriptEnabled: true, moz:accessibilityChecks: false, moz:buildID: 20230321111920, moz:geckodriverVersion: 0.32.0, moz:headless: false, moz:platformVersion: 10.0, moz:processID: 16664, moz:profile: C:\Users\jkaur\AppData\Loca..., moz:shutdownTimeout: 60000, moz:useNonSpecCompliantPointerOrigin: false, moz:webdriverClick: true, moz:windowless: false, pageLoadStrategy: normal, platform: WINDOWS, platformName: WINDOWS, proxy: Proxy(), setWindowRect: true, strictFileInteractability: false, timeouts: {implicit: 0, pageLoad: 300000, script: 30000}, unhandledPromptBehavior: dismiss and notify}
Session ID: cecb0a46-1cb9-4cd3-a9e1-1becf579ec36
*** Element info: {Using=xpath, value=//a[contains(text(),'Contacts')]}]]>
            </message>
            <full-stacktrace>
              <![CDATA[org.openqa.selenium.NoSuchElementException: Unable to locate element: //a[contains(text(),'Contacts')]
For documentation on this error, please visit: https://www.seleniumhq.org/exceptions/no_such_element.html
Build info: version: '3.141.59', revision: 'e82be7d358', time: '2018-11-14T08:17:03'
System info: host: 'LAPTOP', ip: '192.168.0.151', os.name: 'Windows 11', os.arch: 'amd64', os.version: '10.0', java.version: '11.0.16'
Driver info: org.openqa.selenium.firefox.FirefoxDriver
Capabilities {acceptInsecureCerts: true, browserName: firefox, browserVersion: 111.0.1, javascriptEnabled: true, moz:accessibilityChecks: false, moz:buildID: 20230321111920, moz:geckodriverVersion: 0.32.0, moz:headless: false, moz:platformVersion: 10.0, moz:processID: 16664, moz:profile: C:\Users\jkaur\AppData\Loca..., moz:shutdownTimeout: 60000, moz:useNonSpecCompliantPointerOrigin: false, moz:webdriverClick: true, moz:windowless: false, pageLoadStrategy: normal, platform: WINDOWS, platformName: WINDOWS, proxy: Proxy(), setWindowRect: true, strictFileInteractability: false, timeouts: {implicit: 0, pageLoad: 300000, script: 30000}, unhandledPromptBehavior: dismiss and notify}
Session ID: cecb0a46-1cb9-4cd3-a9e1-1becf579ec36
*** Element info: {Using=xpath, value=//a[contains(text(),'Contacts')]}
	at java.base/jdk.internal.reflect.NativeConstructorAccessorImpl.newInstance0(Native Method)
	at java.base/jdk.internal.reflect.NativeConstructorAccessorImpl.newInstance(NativeConstructorAccessorImpl.java:62)
	at java.base/jdk.internal.reflect.DelegatingConstructorAccessorImpl.newInstance(DelegatingConstructorAccessorImpl.java:45)
	at java.base/java.lang.reflect.Constructor.newInstance(Constructor.java:490)
	at org.openqa.selenium.remote.http.W3CHttpResponseCodec.createException(W3CHttpResponseCodec.java:187)
	at org.openqa.selenium.remote.http.W3CHttpResponseCodec.decode(W3CHttpResponseCodec.java:122)
	at org.openqa.selenium.remote.http.W3CHttpResponseCodec.decode(W3CHttpResponseCodec.java:49)
	at org.openqa.selenium.remote.HttpCommandExecutor.execute(HttpCommandExecutor.java:158)
	at org.openqa.selenium.remote.service.DriverCommandExecutor.execute(DriverCommandExecutor.java:83)
	at org.openqa.selenium.remote.RemoteWebDriver.execute(RemoteWebDriver.java:552)
	at org.openqa.selenium.remote.RemoteWebDriver.findElement(RemoteWebDriver.java:323)
	at org.openqa.selenium.remote.RemoteWebDriver.findElementByXPath(RemoteWebDriver.java:428)
	at org.openqa.selenium.By$ByXPath.findElement(By.java:353)
	at org.openqa.selenium.remote.RemoteWebDriver.findElement(RemoteWebDriver.java:315)
	at jdk.internal.reflect.GeneratedMethodAccessor3.invoke(Unknown Source)
	at java.base/jdk.internal.reflect.DelegatingMethodAccessorImpl.invoke(DelegatingMethodAccessorImpl.java:43)
	at java.base/java.lang.reflect.Method.invoke(Method.java:566)
	at org.openqa.selenium.support.events.EventFiringWebDriver.lambda$new$1(EventFiringWebDriver.java:105)
	at com.sun.proxy.$Proxy7.findElement(Unknown Source)
	at org.openqa.selenium.support.events.EventFiringWebDriver.findElement(EventFiringWebDriver.java:194)
	at org.openqa.selenium.support.pagefactory.DefaultElementLocator.findElement(DefaultElementLocator.java:69)
	at org.openqa.selenium.support.pagefactory.internal.LocatingElementHandler.invoke(LocatingElementHandler.java:38)
	at com.sun.proxy.$Proxy11.click(Unknown Source)
	at OP.pages.HomePage.clickOnContacts(HomePage.java:59)
	at OP.testcases.HomePageTest.validateContacts(HomePageTest.java:62)
	at java.base/jdk.internal.reflect.NativeMethodAccessorImpl.invoke0(Native Method)
	at java.base/jdk.internal.reflect.NativeMethodAccessorImpl.invoke(NativeMethodAccessorImpl.java:62)
	at java.base/jdk.internal.reflect.DelegatingMethodAccessorImpl.invoke(DelegatingMethodAccessorImpl.java:43)
	at java.base/java.lang.reflect.Method.invoke(Method.java:566)
	at org.testng.internal.MethodInvocationHelper.invokeMethod(MethodInvocationHelper.java:108)
	at org.testng.internal.Invoker.invokeMethod(Invoker.java:661)
	at org.testng.internal.Invoker.invokeTestMethod(Invoker.java:869)
	at org.testng.internal.Invoker.invokeTestMethods(Invoker.java:1193)
	at org.testng.internal.TestMethodWorker.invokeTestMethods(TestMethodWorker.java:126)
	at org.testng.internal.TestMethodWorker.run(TestMethodWorker.java:109)
	at org.testng.TestRunner.privateRun(TestRunner.java:744)
	at org.testng.TestRunner.run(TestRunner.java:602)
	at org.testng.SuiteRunner.runTest(SuiteRunner.java:380)
	at org.testng.SuiteRunner.runSequentially(SuiteRunner.java:375)
	at org.testng.SuiteRunner.privateRun(SuiteRunner.java:340)
	at org.testng.SuiteRunner.run(SuiteRunner.java:289)
	at org.testng.SuiteRunnerWorker.runSuite(SuiteRunnerWorker.java:52)
	at org.testng.SuiteRunnerWorker.run(SuiteRunnerWorker.java:86)
	at org.testng.TestNG.runSuitesSequentially(TestNG.java:1301)
	at org.testng.TestNG.runSuitesLocally(TestNG.java:1226)
	at org.testng.TestNG.runSuites(TestNG.java:1144)
	at org.testng.TestNG.run(TestNG.java:1115)
	at org.apache.maven.surefire.testng.TestNGExecutor.run(TestNGExecutor.java:135)
	at org.apache.maven.surefire.testng.TestNGDirectoryTestSuite.executeMulti(TestNGDirectoryTestSuite.java:193)
	at org.apache.maven.surefire.testng.TestNGDirectoryTestSuite.execute(TestNGDirectoryTestSuite.java:94)
	at org.apache.maven.surefire.testng.TestNGProvider.invoke(TestNGProvider.java:146)
	at org.apache.maven.surefire.booter.ForkedBooter.invokeProviderInSameClassLoader(ForkedBooter.java:384)
	at org.apache.maven.surefire.booter.ForkedBooter.runSuitesInProcess(ForkedBooter.java:345)
	at org.apache.maven.surefire.booter.ForkedBooter.execute(ForkedBooter.java:126)
	at org.apache.maven.surefire.booter.ForkedBooter.main(ForkedBooter.java:418)
]]>
            </full-stacktrace>
          </exception> <!-- org.openqa.selenium.NoSuchElementException -->
          <reporter-output>
          </reporter-output>
        </test-method> <!-- validateContacts -->
        <test-method is-config="true" signature="close()[pri:0, instance:OP.testcases.HomePageTest@7b9a4292]" started-at="2023-04-03T01:30:03Z" name="close" finished-at="2023-04-03T01:30:04Z" duration-ms="1339" status="PASS">
          <reporter-output>
          </reporter-output>
        </test-method> <!-- close -->
        <test-method is-config="true" signature="setup()[pri:0, instance:OP.testcases.HomePageTest@7b9a4292]" started-at="2023-04-03T01:30:26Z" name="setup" finished-at="2023-04-03T01:30:47Z" duration-ms="20575" status="PASS">
          <reporter-output>
          </reporter-output>
        </test-method> <!-- setup -->
        <test-method signature="validateDeals()[pri:4, instance:OP.testcases.HomePageTest@7b9a4292]" started-at="2023-04-03T01:30:47Z" name="validateDeals" finished-at="2023-04-03T01:31:01Z" duration-ms="14391" status="PASS">
          <reporter-output>
          </reporter-output>
        </test-method> <!-- validateDeals -->
        <test-method is-config="true" signature="close()[pri:0, instance:OP.testcases.HomePageTest@7b9a4292]" started-at="2023-04-03T01:31:01Z" name="close" finished-at="2023-04-03T01:31:03Z" duration-ms="1350" status="PASS">
          <reporter-output>
          </reporter-output>
        </test-method> <!-- close -->
        <test-method is-config="true" signature="setup()[pri:0, instance:OP.testcases.HomePageTest@7b9a4292]" started-at="2023-04-03T01:31:03Z" name="setup" finished-at="2023-04-03T01:31:23Z" duration-ms="20468" status="PASS">
          <reporter-output>
          </reporter-output>
        </test-method> <!-- setup -->
        <test-method signature="validateTasks()[pri:5, instance:OP.testcases.HomePageTest@7b9a4292]" started-at="2023-04-03T01:31:23Z" name="validateTasks" finished-at="2023-04-03T01:31:31Z" duration-ms="8288" status="PASS">
          <reporter-output>
          </reporter-output>
        </test-method> <!-- validateTasks -->
        <test-method is-config="true" signature="close()[pri:0, instance:OP.testcases.HomePageTest@7b9a4292]" started-at="2023-04-03T01:31:31Z" name="close" finished-at="2023-04-03T01:31:33Z" duration-ms="1360" status="PASS">
          <reporter-output>
          </reporter-output>
        </test-method> <!-- close -->
        <test-method is-config="true" signature="setup()[pri:0, instance:OP.testcases.HomePageTest@7b9a4292]" started-at="2023-04-03T01:31:33Z" name="setup" finished-at="2023-04-03T01:31:53Z" duration-ms="20236" status="PASS">
          <reporter-output>
          </reporter-output>
        </test-method> <!-- setup -->
        <test-method signature="BrokenLinkTest()[pri:6, instance:OP.testcases.HomePageTest@7b9a4292]" started-at="2023-04-03T01:31:53Z" name="BrokenLinkTest" finished-at="2023-04-03T01:33:25Z" duration-ms="91563" status="PASS">
          <reporter-output>
          </reporter-output>
        </test-method> <!-- BrokenLinkTest -->
        <test-method is-config="true" signature="close()[pri:0, instance:OP.testcases.HomePageTest@7b9a4292]" started-at="2023-04-03T01:33:25Z" name="close" finished-at="2023-04-03T01:33:27Z" duration-ms="1904" status="PASS">
          <reporter-output>
          </reporter-output>
        </test-method> <!-- close -->
      </class> <!-- OP.testcases.HomePageTest -->
    </test> <!-- Surefire test -->
  </suite> <!-- Surefire suite -->
</testng-results>
