<?xml version="1.0" encoding="UTF-8"?>
<testng-results ignored="0" total="10" passed="9" failed="1" skipped="0">
  <reporter-output>
  </reporter-output>
  <suite started-at="2023-04-03T03:03:34Z" name="Suite" finished-at="2023-04-03T03:09:26Z" duration-ms="351386">
    <groups>
    </groups>
    <test started-at="2023-04-03T03:03:34Z" name="Test" finished-at="2023-04-03T03:09:26Z" duration-ms="351386">
      <class name="OP.testcases.ContactsPageTest">
        <test-method is-config="true" signature="setup()[pri:0, instance:OP.testcases.ContactsPageTest@3098cf3b]" started-at="2023-04-02T23:05:43Z" name="setup" finished-at="2023-04-02T23:06:10Z" duration-ms="27457" status="PASS">
          <reporter-output>
          </reporter-output>
        </test-method> <!-- setup -->
        <test-method signature="NewContactTest()[pri:3, instance:OP.testcases.ContactsPageTest@3098cf3b]" started-at="2023-04-02T23:06:10Z" name="NewContactTest" finished-at="2023-04-02T23:06:29Z" duration-ms="18385" status="PASS">
          <reporter-output>
          </reporter-output>
        </test-method> <!-- NewContactTest -->
        <test-method is-config="true" signature="close()[pri:0, instance:OP.testcases.ContactsPageTest@3098cf3b]" started-at="2023-04-02T23:06:29Z" name="close" finished-at="2023-04-02T23:06:30Z" duration-ms="1159" status="PASS">
          <reporter-output>
          </reporter-output>
        </test-method> <!-- close -->
      </class> <!-- OP.testcases.ContactsPageTest -->
      <class name="OP.testcases.LoginPageTest">
        <test-method is-config="true" signature="setup()[pri:0, instance:OP.testcases.LoginPageTest@a1cdc6d]" started-at="2023-04-02T23:03:34Z" name="setup" finished-at="2023-04-02T23:03:41Z" duration-ms="7136" status="PASS">
          <reporter-output>
          </reporter-output>
        </test-method> <!-- setup -->
        <test-method signature="titleTest()[pri:1, instance:OP.testcases.LoginPageTest@a1cdc6d]" started-at="2023-04-02T23:03:41Z" name="titleTest" finished-at="2023-04-02T23:03:44Z" duration-ms="3028" status="PASS">
          <reporter-output>
          </reporter-output>
        </test-method> <!-- titleTest -->
        <test-method is-config="true" signature="close()[pri:0, instance:OP.testcases.LoginPageTest@a1cdc6d]" started-at="2023-04-02T23:03:44Z" name="close" finished-at="2023-04-02T23:03:46Z" duration-ms="1273" status="PASS">
          <reporter-output>
          </reporter-output>
        </test-method> <!-- close -->
        <test-method is-config="true" signature="setup()[pri:0, instance:OP.testcases.LoginPageTest@a1cdc6d]" started-at="2023-04-02T23:04:07Z" name="setup" finished-at="2023-04-02T23:04:13Z" duration-ms="5803" status="PASS">
          <reporter-output>
          </reporter-output>
        </test-method> <!-- setup -->
        <test-method signature="logoTest()[pri:2, instance:OP.testcases.LoginPageTest@a1cdc6d]" started-at="2023-04-02T23:04:13Z" name="logoTest" finished-at="2023-04-02T23:04:18Z" duration-ms="5090" status="PASS">
          <reporter-output>
          </reporter-output>
        </test-method> <!-- logoTest -->
        <test-method is-config="true" signature="close()[pri:0, instance:OP.testcases.LoginPageTest@a1cdc6d]" started-at="2023-04-02T23:04:18Z" name="close" finished-at="2023-04-02T23:04:19Z" duration-ms="772" status="PASS">
          <reporter-output>
          </reporter-output>
        </test-method> <!-- close -->
        <test-method is-config="true" signature="setup()[pri:0, instance:OP.testcases.LoginPageTest@a1cdc6d]" started-at="2023-04-02T23:04:45Z" name="setup" finished-at="2023-04-02T23:04:51Z" duration-ms="5714" status="PASS">
          <reporter-output>
          </reporter-output>
        </test-method> <!-- setup -->
        <test-method signature="loginValidTest()[pri:3, instance:OP.testcases.LoginPageTest@a1cdc6d]" started-at="2023-04-02T23:04:51Z" name="loginValidTest" finished-at="2023-04-02T23:05:06Z" duration-ms="15068" status="PASS">
          <reporter-output>
          </reporter-output>
        </test-method> <!-- loginValidTest -->
        <test-method is-config="true" signature="close()[pri:0, instance:OP.testcases.LoginPageTest@a1cdc6d]" started-at="2023-04-02T23:05:06Z" name="close" finished-at="2023-04-02T23:05:07Z" duration-ms="805" status="PASS">
          <reporter-output>
          </reporter-output>
        </test-method> <!-- close -->
      </class> <!-- OP.testcases.LoginPageTest -->
      <class name="OP.testcases.HomePageTest">
        <test-method is-config="true" signature="setup()[pri:0, instance:OP.testcases.HomePageTest@175b9425]" started-at="2023-04-02T23:03:46Z" name="setup" finished-at="2023-04-02T23:04:06Z" duration-ms="20388" status="PASS">
          <reporter-output>
          </reporter-output>
        </test-method> <!-- setup -->
        <test-method signature="validateHomePageTitleTest()[pri:1, instance:OP.testcases.HomePageTest@175b9425]" started-at="2023-04-02T23:04:06Z" name="validateHomePageTitleTest" finished-at="2023-04-02T23:04:06Z" duration-ms="10" status="PASS">
          <reporter-output>
          </reporter-output>
        </test-method> <!-- validateHomePageTitleTest -->
        <test-method is-config="true" signature="close()[pri:0, instance:OP.testcases.HomePageTest@175b9425]" started-at="2023-04-02T23:04:06Z" name="close" finished-at="2023-04-02T23:04:07Z" duration-ms="1091" status="PASS">
          <reporter-output>
          </reporter-output>
        </test-method> <!-- close -->
        <test-method is-config="true" signature="setup()[pri:0, instance:OP.testcases.HomePageTest@175b9425]" started-at="2023-04-02T23:04:19Z" name="setup" finished-at="2023-04-02T23:04:39Z" duration-ms="19822" status="PASS">
          <reporter-output>
          </reporter-output>
        </test-method> <!-- setup -->
        <test-method signature="validateAccountHolderNameTest()[pri:2, instance:OP.testcases.HomePageTest@175b9425]" started-at="2023-04-02T23:04:39Z" name="validateAccountHolderNameTest" finished-at="2023-04-02T23:04:44Z" duration-ms="5116" status="PASS">
          <reporter-output>
          </reporter-output>
        </test-method> <!-- validateAccountHolderNameTest -->
        <test-method is-config="true" signature="close()[pri:0, instance:OP.testcases.HomePageTest@175b9425]" started-at="2023-04-02T23:04:44Z" name="close" finished-at="2023-04-02T23:04:45Z" duration-ms="1249" status="PASS">
          <reporter-output>
          </reporter-output>
        </test-method> <!-- close -->
        <test-method is-config="true" signature="setup()[pri:0, instance:OP.testcases.HomePageTest@175b9425]" started-at="2023-04-02T23:05:07Z" name="setup" finished-at="2023-04-02T23:05:27Z" duration-ms="19968" status="PASS">
          <reporter-output>
          </reporter-output>
        </test-method> <!-- setup -->
        <test-method signature="validateContacts()[pri:3, instance:OP.testcases.HomePageTest@175b9425]" started-at="2023-04-02T23:05:27Z" name="validateContacts" finished-at="2023-04-02T23:05:42Z" duration-ms="15258" status="FAIL">
          <exception class="org.openqa.selenium.NoSuchElementException">
            <message>
              <![CDATA[Unable to locate element: //a[contains(text(),'Contacts')]
For documentation on this error, please visit: https://www.seleniumhq.org/exceptions/no_such_element.html
Build info: version: '3.141.59', revision: 'e82be7d358', time: '2018-11-14T08:17:03'
System info: host: 'LAPTOP', ip: '192.168.0.151', os.name: 'Windows 10', os.arch: 'amd64', os.version: '10.0', java.version: '15.0.1'
Driver info: org.openqa.selenium.firefox.FirefoxDriver
Capabilities {acceptInsecureCerts: true, browserName: firefox, browserVersion: 111.0.1, javascriptEnabled: true, moz:accessibilityChecks: false, moz:buildID: 20230321111920, moz:geckodriverVersion: 0.32.0, moz:headless: false, moz:platformVersion: 10.0, moz:processID: 9132, moz:profile: C:\Users\jkaur\AppData\Loca..., moz:shutdownTimeout: 60000, moz:useNonSpecCompliantPointerOrigin: false, moz:webdriverClick: true, moz:windowless: false, pageLoadStrategy: normal, platform: WINDOWS, platformName: WINDOWS, proxy: Proxy(), setWindowRect: true, strictFileInteractability: false, timeouts: {implicit: 0, pageLoad: 300000, script: 30000}, unhandledPromptBehavior: dismiss and notify}
Session ID: 431b3f32-e93d-4ea6-85e4-091a84996578
*** Element info: {Using=xpath, value=//a[contains(text(),'Contacts')]}]]>
            </message>
            <full-stacktrace>
              <![CDATA[org.openqa.selenium.NoSuchElementException: Unable to locate element: //a[contains(text(),'Contacts')]
For documentation on this error, please visit: https://www.seleniumhq.org/exceptions/no_such_element.html
Build info: version: '3.141.59', revision: 'e82be7d358', time: '2018-11-14T08:17:03'
System info: host: 'LAPTOP', ip: '192.168.0.151', os.name: 'Windows 10', os.arch: 'amd64', os.version: '10.0', java.version: '15.0.1'
Driver info: org.openqa.selenium.firefox.FirefoxDriver
Capabilities {acceptInsecureCerts: true, browserName: firefox, browserVersion: 111.0.1, javascriptEnabled: true, moz:accessibilityChecks: false, moz:buildID: 20230321111920, moz:geckodriverVersion: 0.32.0, moz:headless: false, moz:platformVersion: 10.0, moz:processID: 9132, moz:profile: C:\Users\jkaur\AppData\Loca..., moz:shutdownTimeout: 60000, moz:useNonSpecCompliantPointerOrigin: false, moz:webdriverClick: true, moz:windowless: false, pageLoadStrategy: normal, platform: WINDOWS, platformName: WINDOWS, proxy: Proxy(), setWindowRect: true, strictFileInteractability: false, timeouts: {implicit: 0, pageLoad: 300000, script: 30000}, unhandledPromptBehavior: dismiss and notify}
Session ID: 431b3f32-e93d-4ea6-85e4-091a84996578
*** Element info: {Using=xpath, value=//a[contains(text(),'Contacts')]}
	at java.base/jdk.internal.reflect.NativeConstructorAccessorImpl.newInstance0(Native Method)
	at java.base/jdk.internal.reflect.NativeConstructorAccessorImpl.newInstance(NativeConstructorAccessorImpl.java:64)
	at java.base/jdk.internal.reflect.DelegatingConstructorAccessorImpl.newInstance(DelegatingConstructorAccessorImpl.java:45)
	at java.base/java.lang.reflect.Constructor.newInstanceWithCaller(Constructor.java:500)
	at java.base/java.lang.reflect.Constructor.newInstance(Constructor.java:481)
	at org.openqa.selenium.remote.http.W3CHttpResponseCodec.createException(W3CHttpResponseCodec.java:187)
	at org.openqa.selenium.remote.http.W3CHttpResponseCodec.decode(W3CHttpResponseCodec.java:122)
	at org.openqa.selenium.remote.http.W3CHttpResponseCodec.decode(W3CHttpResponseCodec.java:49)
	at org.openqa.selenium.remote.HttpCommandExecutor.execute(HttpCommandExecutor.java:158)
	at org.openqa.selenium.remote.service.DriverCommandExecutor.execute(DriverCommandExecutor.java:83)
	at org.openqa.selenium.remote.RemoteWebDriver.execute(RemoteWebDriver.java:552)
	at org.openqa.selenium.remote.RemoteWebDriver.findElement(RemoteWebDriver.java:323)
	at org.openqa.selenium.remote.RemoteWebDriver.findElementByXPath(RemoteWebDriver.java:428)
	at org.openqa.selenium.By$ByXPath.findElement(By.java:353)
	at org.openqa.selenium.remote.RemoteWebDriver.findElement(RemoteWebDriver.java:315)
	at java.base/jdk.internal.reflect.NativeMethodAccessorImpl.invoke0(Native Method)
	at java.base/jdk.internal.reflect.NativeMethodAccessorImpl.invoke(NativeMethodAccessorImpl.java:64)
	at java.base/jdk.internal.reflect.DelegatingMethodAccessorImpl.invoke(DelegatingMethodAccessorImpl.java:43)
	at java.base/java.lang.reflect.Method.invoke(Method.java:564)
	at org.openqa.selenium.support.events.EventFiringWebDriver.lambda$new$1(EventFiringWebDriver.java:105)
	at com.sun.proxy.$Proxy10.findElement(Unknown Source)
	at org.openqa.selenium.support.events.EventFiringWebDriver.findElement(EventFiringWebDriver.java:194)
	at org.openqa.selenium.support.pagefactory.DefaultElementLocator.findElement(DefaultElementLocator.java:69)
	at org.openqa.selenium.support.pagefactory.internal.LocatingElementHandler.invoke(LocatingElementHandler.java:38)
	at com.sun.proxy.$Proxy14.click(Unknown Source)
	at OP.pages.HomePage.clickOnContacts(HomePage.java:59)
	at OP.testcases.HomePageTest.validateContacts(HomePageTest.java:62)
	at java.base/jdk.internal.reflect.NativeMethodAccessorImpl.invoke0(Native Method)
	at java.base/jdk.internal.reflect.NativeMethodAccessorImpl.invoke(NativeMethodAccessorImpl.java:64)
	at java.base/jdk.internal.reflect.DelegatingMethodAccessorImpl.invoke(DelegatingMethodAccessorImpl.java:43)
	at java.base/java.lang.reflect.Method.invoke(Method.java:564)
	at org.testng.internal.MethodInvocationHelper.invokeMethod(MethodInvocationHelper.java:108)
	at org.testng.internal.Invoker.invokeMethod(Invoker.java:661)
	at org.testng.internal.Invoker.invokeTestMethod(Invoker.java:869)
	at org.testng.internal.Invoker.invokeTestMethods(Invoker.java:1193)
	at org.testng.internal.TestMethodWorker.invokeTestMethods(TestMethodWorker.java:126)
	at org.testng.internal.TestMethodWorker.run(TestMethodWorker.java:109)
	at org.testng.TestRunner.privateRun(TestRunner.java:744)
	at org.testng.TestRunner.run(TestRunner.java:602)
	at org.testng.SuiteRunner.runTest(SuiteRunner.java:380)
	at org.testng.SuiteRunner.runSequentially(SuiteRunner.java:375)
	at org.testng.SuiteRunner.privateRun(SuiteRunner.java:340)
	at org.testng.SuiteRunner.run(SuiteRunner.java:289)
	at org.testng.SuiteRunnerWorker.runSuite(SuiteRunnerWorker.java:52)
	at org.testng.SuiteRunnerWorker.run(SuiteRunnerWorker.java:86)
	at org.testng.TestNG.runSuitesSequentially(TestNG.java:1301)
	at org.testng.TestNG.runSuitesLocally(TestNG.java:1226)
	at org.testng.TestNG.runSuites(TestNG.java:1144)
	at org.testng.TestNG.run(TestNG.java:1115)
	at org.testng.remote.AbstractRemoteTestNG.run(AbstractRemoteTestNG.java:115)
	at org.testng.remote.RemoteTestNG.initAndRun(RemoteTestNG.java:251)
	at org.testng.remote.RemoteTestNG.main(RemoteTestNG.java:77)
]]>
            </full-stacktrace>
          </exception> <!-- org.openqa.selenium.NoSuchElementException -->
          <reporter-output>
          </reporter-output>
        </test-method> <!-- validateContacts -->
        <test-method is-config="true" signature="close()[pri:0, instance:OP.testcases.HomePageTest@175b9425]" started-at="2023-04-02T23:05:42Z" name="close" finished-at="2023-04-02T23:05:43Z" duration-ms="1208" status="PASS">
          <reporter-output>
          </reporter-output>
        </test-method> <!-- close -->
        <test-method is-config="true" signature="setup()[pri:0, instance:OP.testcases.HomePageTest@175b9425]" started-at="2023-04-02T23:06:30Z" name="setup" finished-at="2023-04-02T23:06:50Z" duration-ms="19856" status="PASS">
          <reporter-output>
          </reporter-output>
        </test-method> <!-- setup -->
        <test-method signature="validateDeals()[pri:4, instance:OP.testcases.HomePageTest@175b9425]" started-at="2023-04-02T23:06:50Z" name="validateDeals" finished-at="2023-04-02T23:07:04Z" duration-ms="14509" status="PASS">
          <reporter-output>
          </reporter-output>
        </test-method> <!-- validateDeals -->
        <test-method is-config="true" signature="close()[pri:0, instance:OP.testcases.HomePageTest@175b9425]" started-at="2023-04-02T23:07:04Z" name="close" finished-at="2023-04-02T23:07:06Z" duration-ms="1157" status="PASS">
          <reporter-output>
          </reporter-output>
        </test-method> <!-- close -->
        <test-method is-config="true" signature="setup()[pri:0, instance:OP.testcases.HomePageTest@175b9425]" started-at="2023-04-02T23:07:06Z" name="setup" finished-at="2023-04-02T23:07:26Z" duration-ms="20080" status="PASS">
          <reporter-output>
          </reporter-output>
        </test-method> <!-- setup -->
        <test-method signature="validateTasks()[pri:5, instance:OP.testcases.HomePageTest@175b9425]" started-at="2023-04-02T23:07:26Z" name="validateTasks" finished-at="2023-04-02T23:07:34Z" duration-ms="8349" status="PASS">
          <reporter-output>
          </reporter-output>
        </test-method> <!-- validateTasks -->
        <test-method is-config="true" signature="close()[pri:0, instance:OP.testcases.HomePageTest@175b9425]" started-at="2023-04-02T23:07:34Z" name="close" finished-at="2023-04-02T23:07:35Z" duration-ms="1092" status="PASS">
          <reporter-output>
          </reporter-output>
        </test-method> <!-- close -->
        <test-method is-config="true" signature="setup()[pri:0, instance:OP.testcases.HomePageTest@175b9425]" started-at="2023-04-02T23:07:35Z" name="setup" finished-at="2023-04-02T23:07:55Z" duration-ms="20045" status="PASS">
          <reporter-output>
          </reporter-output>
        </test-method> <!-- setup -->
        <test-method signature="BrokenLinkTest()[pri:6, instance:OP.testcases.HomePageTest@175b9425]" started-at="2023-04-02T23:07:55Z" name="BrokenLinkTest" finished-at="2023-04-02T23:09:24Z" duration-ms="89310" status="PASS">
          <reporter-output>
          </reporter-output>
        </test-method> <!-- BrokenLinkTest -->
        <test-method is-config="true" signature="close()[pri:0, instance:OP.testcases.HomePageTest@175b9425]" started-at="2023-04-02T23:09:24Z" name="close" finished-at="2023-04-02T23:09:26Z" duration-ms="1138" status="PASS">
          <reporter-output>
          </reporter-output>
        </test-method> <!-- close -->
      </class> <!-- OP.testcases.HomePageTest -->
    </test> <!-- Test -->
  </suite> <!-- Suite -->
</testng-results>
